SF:lib\database\models\skip_configuration.dart
DA:6,6
DA:16,4
DA:17,0
DA:34,1
DA:35,1
DA:36,2
DA:37,2
DA:38,2
DA:39,2
DA:40,2
DA:41,2
DA:42,2
DA:45,2
DA:46,1
DA:47,1
DA:48,1
DA:49,1
DA:50,1
DA:51,1
DA:52,1
DA:55,1
DA:57,8
LF:22
LH:21
end_of_record
SF:lib\database\models\task.dart
DA:8,2
DA:24,0
DA:25,0
DA:29,0
DA:31,0
DA:33,2
DA:34,2
DA:35,2
DA:36,2
DA:37,1
DA:38,3
DA:39,0
DA:40,1
DA:41,2
DA:43,1
DA:44,1
DA:45,4
DA:46,0
DA:49,2
DA:50,1
DA:51,1
DA:52,1
DA:53,2
DA:54,2
DA:55,5
DA:58,1
DA:60,7
LF:27
LH:21
end_of_record
SF:lib\database\models\task_reminder.dart
DA:6,2
DA:13,2
DA:14,2
DA:15,1
DA:16,3
DA:17,0
DA:18,1
DA:19,2
DA:22,2
DA:23,1
DA:24,2
DA:25,2
DA:28,0
DA:32,0
DA:33,0
DA:34,0
DA:35,0
DA:38,1
DA:39,4
DA:42,3
LF:20
LH:14
end_of_record
SF:lib\database\models\task_reminder_configuration.dart
DA:7,4
DA:14,2
DA:15,0
DA:26,1
DA:27,1
DA:29,2
DA:30,3
DA:32,1
DA:33,1
DA:34,2
DA:36,2
DA:37,1
DA:38,2
DA:42,2
DA:43,2
DA:44,2
DA:45,1
DA:46,2
DA:49,1
DA:50,5
LF:20
LH:19
end_of_record
SF:lib\notification\reminder_service.dart
DA:8,1
DA:9,1
DA:10,2
DA:13,2
DA:14,3
DA:15,3
DA:18,1
DA:19,5
DA:20,1
DA:23,1
DA:29,1
DA:35,1
DA:36,3
DA:37,6
DA:42,1
DA:43,1
DA:44,1
DA:45,3
DA:46,1
DA:47,3
DA:48,1
DA:49,3
DA:50,1
DA:51,3
DA:52,1
DA:53,3
DA:54,1
DA:55,3
DA:56,1
DA:57,3
LF:30
LH:30
end_of_record
